&CONTROL
calculation='scf'
verbosity='high'
tstress=.TRUE.
tprnfor=.TRUE.
outdir='.'
prefix='qe_suite'
etot_conv_thr=2e-05
forc_conv_thr=0.0001
pseudo_dir='../SSSP'
/
&SYSTEM
ibrav=0
nat=2
ntyp=1
ecutwfc=45.0
ecutrho=360.0
nosym=.FALSE.
occupations='smearing'
degauss=0.0146997
smearing='cold'
/
&ELECTRONS
electron_maxstep=80
conv_thr=4e-10
mixing_beta=0.4
diagonalization='david'
/
ATOMIC_SPECIES 
 C	12.0107 C.pbesol-n-kjpaw_psl.1.0.0.UPF
ATOMIC_POSITIONS crystal
C	 0.6667 0.3333 0.5
C	 0.3333 0.6667 0.5
K_POINTS automatic
 15 15 3 0 0 0
CELL_PARAMETERS angstrom
 2.467 0.0 0.0
 -1.234 2.137 0.0
 0.0 0.0 15.0
